app/build/intermediates/manifest_merge_blame_file/debug/manifest-merger-blame-debug-report.txt
1<?xml version="1.0" encoding="utf-8"?>
2<!--
3 Copyright (C) 2006 The Android Open Source Project
4
5     Licensed under the Apache License, Version 2.0 (the "License");
6     you may not use this file except in compliance with the License.
7     You may obtain a copy of the License at
8
9          http://www.apache.org/licenses/LICENSE-2.0
10
11     Unless required by applicable law or agreed to in writing, software
12     distributed under the License is distributed on an "AS IS" BASIS,
13     WITHOUT WARRANTIES OR CONDITIONS OF ANY KIND, either express or implied.
14     See the License for the specific language governing permissions and
15     limitations under the License.
16-->
17<manifest xmlns:android="http://schemas.android.com/apk/res/android"
18    package="com.android.contacts"
19    android:versionCode="10731"
20    android:versionName="1.7.31" >
21
22    <uses-sdk
23        android:minSdkVersion="28"
23-->src/main/AndroidManifest.xml
24        android:targetSdkVersion="28" />
24-->src/main/AndroidManifest.xml
25
26    <original-package android:name="com.android.contacts" />
26-->src/main/AndroidManifest.xml:25:5-60
26-->src/main/AndroidManifest.xml:25:23-58
27
28    <!--
29         Contacts permission listed first because order determines
30         order that permissions are requested with some OEMs
31    -->
32    <uses-permission android:name="android.permission.READ_CONTACTS" />
32-->src/main/AndroidManifest.xml:29:5-71
32-->src/main/AndroidManifest.xml:29:22-69
33    <uses-permission android:name="android.permission.WRITE_CONTACTS" />
33-->src/main/AndroidManifest.xml:30:5-72
33-->src/main/AndroidManifest.xml:30:22-70
34    <uses-permission android:name="android.permission.GET_ACCOUNTS" />
34-->src/main/AndroidManifest.xml:31:5-70
34-->src/main/AndroidManifest.xml:31:22-68
35    <uses-permission android:name="android.permission.GET_ACCOUNTS_PRIVILEGED" />
35-->src/main/AndroidManifest.xml:32:5-81
35-->src/main/AndroidManifest.xml:32:22-79
36    <uses-permission android:name="android.permission.MANAGE_ACCOUNTS" />
36-->src/main/AndroidManifest.xml:33:5-73
36-->src/main/AndroidManifest.xml:33:22-71
37    <uses-permission android:name="android.permission.ACCESS_NETWORK_STATE" />
37-->src/main/AndroidManifest.xml:34:5-78
37-->src/main/AndroidManifest.xml:34:22-76
38    <uses-permission android:name="android.permission.CALL_PHONE" />
38-->src/main/AndroidManifest.xml:35:5-68
38-->src/main/AndroidManifest.xml:35:22-66
39    <uses-permission android:name="android.permission.READ_PROFILE" />
39-->src/main/AndroidManifest.xml:36:5-70
39-->src/main/AndroidManifest.xml:36:22-68
40    <uses-permission android:name="android.permission.WRITE_PROFILE" />
40-->src/main/AndroidManifest.xml:37:5-71
40-->src/main/AndroidManifest.xml:37:22-69
41    <uses-permission android:name="android.permission.INTERNET" />
41-->src/main/AndroidManifest.xml:38:5-66
41-->src/main/AndroidManifest.xml:38:22-64
42    <uses-permission android:name="android.permission.NFC" />
42-->src/main/AndroidManifest.xml:39:5-61
42-->src/main/AndroidManifest.xml:39:22-59
43    <uses-permission android:name="android.permission.READ_PHONE_STATE" />
43-->src/main/AndroidManifest.xml:40:5-74
43-->src/main/AndroidManifest.xml:40:22-72
44    <uses-permission android:name="android.permission.WAKE_LOCK" />
44-->src/main/AndroidManifest.xml:41:5-67
44-->src/main/AndroidManifest.xml:41:22-65
45    <uses-permission android:name="android.permission.WRITE_SETTINGS" />
45-->src/main/AndroidManifest.xml:42:5-72
45-->src/main/AndroidManifest.xml:42:22-70
46    <uses-permission android:name="android.permission.USE_CREDENTIALS" />
46-->src/main/AndroidManifest.xml:43:5-73
46-->src/main/AndroidManifest.xml:43:22-71
47    <uses-permission android:name="android.permission.VIBRATE" />
47-->src/main/AndroidManifest.xml:44:5-65
47-->src/main/AndroidManifest.xml:44:22-63
48    <uses-permission android:name="android.permission.READ_SYNC_SETTINGS" />
48-->src/main/AndroidManifest.xml:45:5-76
48-->src/main/AndroidManifest.xml:45:22-74
49    <uses-permission android:name="android.permission.READ_EXTERNAL_STORAGE" />
49-->src/main/AndroidManifest.xml:46:5-79
49-->src/main/AndroidManifest.xml:46:22-77
50    <uses-permission android:name="com.android.launcher.permission.INSTALL_SHORTCUT" />
50-->src/main/AndroidManifest.xml:47:5-87
50-->src/main/AndroidManifest.xml:47:22-85
51    <!-- Following used for Contact metadata syncing -->
52    <uses-permission android:name="android.permission.WRITE_SYNC_SETTINGS" />
52-->src/main/AndroidManifest.xml:49:5-77
52-->src/main/AndroidManifest.xml:49:22-75
53    <!-- Following used for getting the status of the contacts sync adapter -->
54    <uses-permission android:name="android.permission.READ_SYNC_STATS" />
54-->src/main/AndroidManifest.xml:51:5-73
54-->src/main/AndroidManifest.xml:51:22-71
55    <uses-permission android:name="android.permission.RECEIVE_BOOT_COMPLETED" />
55-->src/main/AndroidManifest.xml:52:5-80
55-->src/main/AndroidManifest.xml:52:22-78
56    <!-- Required in P to run Service.startForeground() -->
57    <uses-permission android:name="android.permission.FOREGROUND_SERVICE" />
57-->src/main/AndroidManifest.xml:54:5-76
57-->src/main/AndroidManifest.xml:54:22-74
58
59    <uses-feature
59-->src/main/AndroidManifest.xml:56:5-58:35
60        android:name="android.hardware.telephony"
60-->src/main/AndroidManifest.xml:57:9-50
61        android:required="false" />
61-->src/main/AndroidManifest.xml:58:9-33
62
63    <application
63-->src/main/AndroidManifest.xml:60:5-599:19
64        android:name="com.android.contacts.ContactsApplication"
64-->src/main/AndroidManifest.xml:61:9-64
65        android:appComponentFactory="androidx.core.app.CoreComponentFactory"
65-->[androidx.core:core:1.3.0-alpha01] AndroidManifest.xml:24:18-86
66        android:debuggable="true"
67        android:hardwareAccelerated="true"
67-->src/main/AndroidManifest.xml:62:9-43
68        android:icon="@mipmap/ic_contacts_launcher"
68-->src/main/AndroidManifest.xml:63:9-52
69        android:label="@string/applicationLabel"
69-->src/main/AndroidManifest.xml:64:9-49
70        android:supportsRtl="true"
70-->src/main/AndroidManifest.xml:65:9-35
71        android:taskAffinity="android.task.contacts"
71-->src/main/AndroidManifest.xml:66:9-53
72        android:testOnly="true"
73        android:usesCleartextTraffic="false" >
73-->src/main/AndroidManifest.xml:67:9-45
74
75        <!-- The main Contacts activity with the contact list, favorites, and groups. -->
76        <activity
76-->src/main/AndroidManifest.xml:69:9-176:20
77            android:name="com.android.contacts.activities.PeopleActivity"
77-->src/main/AndroidManifest.xml:70:13-54
78            android:alwaysRetainTaskState="true"
78-->src/main/AndroidManifest.xml:71:13-49
79            android:launchMode="singleTop"
79-->src/main/AndroidManifest.xml:72:13-43
80            android:resizeableActivity="true"
80-->src/main/AndroidManifest.xml:73:13-46
81            android:theme="@style/LaunchScreenTheme"
81-->src/main/AndroidManifest.xml:74:13-53
82            android:visibleToInstantApps="true" >
82-->src/main/AndroidManifest.xml:75:13-48
83            <intent-filter>
83-->src/main/AndroidManifest.xml:77:13-84:29
84                <action android:name="android.intent.action.MAIN" />
84-->src/main/AndroidManifest.xml:78:17-68
84-->src/main/AndroidManifest.xml:78:25-66
85
86                <category android:name="android.intent.category.DEFAULT" />
86-->src/main/AndroidManifest.xml:80:17-75
86-->src/main/AndroidManifest.xml:80:27-73
87                <category android:name="android.intent.category.LAUNCHER" />
87-->src/main/AndroidManifest.xml:81:17-76
87-->src/main/AndroidManifest.xml:81:27-74
88                <category android:name="android.intent.category.BROWSABLE" />
88-->src/main/AndroidManifest.xml:82:17-77
88-->src/main/AndroidManifest.xml:82:27-75
89                <category android:name="android.intent.category.APP_CONTACTS" />
89-->src/main/AndroidManifest.xml:83:17-80
89-->src/main/AndroidManifest.xml:83:27-78
90            </intent-filter>
91            <intent-filter>
91-->src/main/AndroidManifest.xml:85:13-90:29
92                <action android:name="com.android.contacts.action.LIST_DEFAULT" />
92-->src/main/AndroidManifest.xml:86:17-82
92-->src/main/AndroidManifest.xml:86:25-80
93
94                <category android:name="android.intent.category.DEFAULT" />
94-->src/main/AndroidManifest.xml:80:17-75
94-->src/main/AndroidManifest.xml:80:27-73
95                <category android:name="android.intent.category.TAB" />
95-->src/main/AndroidManifest.xml:89:17-71
95-->src/main/AndroidManifest.xml:89:27-69
96            </intent-filter>
97            <intent-filter>
97-->src/main/AndroidManifest.xml:92:13-97:29
98                <action android:name="com.android.contacts.action.LIST_CONTACTS" />
98-->src/main/AndroidManifest.xml:93:17-83
98-->src/main/AndroidManifest.xml:93:25-81
99
100                <category android:name="android.intent.category.DEFAULT" />
100-->src/main/AndroidManifest.xml:80:17-75
100-->src/main/AndroidManifest.xml:80:27-73
101                <category android:name="android.intent.category.TAB" />
101-->src/main/AndroidManifest.xml:89:17-71
101-->src/main/AndroidManifest.xml:89:27-69
102            </intent-filter>
103            <intent-filter>
103-->src/main/AndroidManifest.xml:99:13-104:29
104                <action android:name="com.android.contacts.action.LIST_ALL_CONTACTS" />
104-->src/main/AndroidManifest.xml:100:17-87
104-->src/main/AndroidManifest.xml:100:25-85
105
106                <category android:name="android.intent.category.DEFAULT" />
106-->src/main/AndroidManifest.xml:80:17-75
106-->src/main/AndroidManifest.xml:80:27-73
107                <category android:name="android.intent.category.TAB" />
107-->src/main/AndroidManifest.xml:89:17-71
107-->src/main/AndroidManifest.xml:89:27-69
108            </intent-filter>
109            <intent-filter>
109-->src/main/AndroidManifest.xml:106:13-111:29
110                <action android:name="com.android.contacts.action.LIST_CONTACTS_WITH_PHONES" />
110-->src/main/AndroidManifest.xml:107:17-95
110-->src/main/AndroidManifest.xml:107:25-93
111
112                <category android:name="android.intent.category.DEFAULT" />
112-->src/main/AndroidManifest.xml:80:17-75
112-->src/main/AndroidManifest.xml:80:27-73
113                <category android:name="android.intent.category.TAB" />
113-->src/main/AndroidManifest.xml:89:17-71
113-->src/main/AndroidManifest.xml:89:27-69
114            </intent-filter>
115            <intent-filter>
115-->src/main/AndroidManifest.xml:113:13-118:29
116                <action android:name="com.android.contacts.action.LIST_STARRED" />
116-->src/main/AndroidManifest.xml:114:17-82
116-->src/main/AndroidManifest.xml:114:25-80
117
118                <category android:name="android.intent.category.DEFAULT" />
118-->src/main/AndroidManifest.xml:80:17-75
118-->src/main/AndroidManifest.xml:80:27-73
119                <category android:name="android.intent.category.TAB" />
119-->src/main/AndroidManifest.xml:89:17-71
119-->src/main/AndroidManifest.xml:89:27-69
120            </intent-filter>
121            <intent-filter>
121-->src/main/AndroidManifest.xml:120:13-125:29
122                <action android:name="com.android.contacts.action.LIST_FREQUENT" />
122-->src/main/AndroidManifest.xml:121:17-83
122-->src/main/AndroidManifest.xml:121:25-81
123
124                <category android:name="android.intent.category.DEFAULT" />
124-->src/main/AndroidManifest.xml:80:17-75
124-->src/main/AndroidManifest.xml:80:27-73
125                <category android:name="android.intent.category.TAB" />
125-->src/main/AndroidManifest.xml:89:17-71
125-->src/main/AndroidManifest.xml:89:27-69
126            </intent-filter>
127            <intent-filter>
127-->src/main/AndroidManifest.xml:127:13-132:29
128                <action android:name="com.android.contacts.action.LIST_STREQUENT" />
128-->src/main/AndroidManifest.xml:128:17-84
128-->src/main/AndroidManifest.xml:128:25-82
129
130                <category android:name="android.intent.category.DEFAULT" />
130-->src/main/AndroidManifest.xml:80:17-75
130-->src/main/AndroidManifest.xml:80:27-73
131                <category android:name="android.intent.category.TAB" />
131-->src/main/AndroidManifest.xml:89:17-71
131-->src/main/AndroidManifest.xml:89:27-69
132            </intent-filter>
133            <intent-filter>
133-->src/main/AndroidManifest.xml:134:13-138:29
134                <action android:name="android.intent.action.SEARCH" />
134-->src/main/AndroidManifest.xml:135:17-70
134-->src/main/AndroidManifest.xml:135:25-68
135
136                <category android:name="android.intent.category.DEFAULT" />
136-->src/main/AndroidManifest.xml:80:17-75
136-->src/main/AndroidManifest.xml:80:27-73
137
138                <data android:mimeType="vnd.android.cursor.dir/contact" />
138-->src/main/AndroidManifest.xml:137:17-74
138-->src/main/AndroidManifest.xml:137:23-72
139            </intent-filter>
140            <intent-filter>
140-->src/main/AndroidManifest.xml:140:13-143:29
141                <action android:name="android.intent.action.SEARCH" />
141-->src/main/AndroidManifest.xml:135:17-70
141-->src/main/AndroidManifest.xml:135:25-68
142
143                <category android:name="android.intent.category.DEFAULT" />
143-->src/main/AndroidManifest.xml:80:17-75
143-->src/main/AndroidManifest.xml:80:27-73
144            </intent-filter>
145            <intent-filter>
145-->src/main/AndroidManifest.xml:145:13-152:29
146                <action android:name="android.intent.action.VIEW" />
146-->src/main/AndroidManifest.xml:146:17-68
146-->src/main/AndroidManifest.xml:146:25-66
147
148                <category android:name="android.intent.category.DEFAULT" />
148-->src/main/AndroidManifest.xml:80:17-75
148-->src/main/AndroidManifest.xml:80:27-73
149
150                <data android:mimeType="vnd.android.cursor.dir/person" />
150-->src/main/AndroidManifest.xml:137:17-74
150-->src/main/AndroidManifest.xml:137:23-72
151                <data android:mimeType="vnd.android.cursor.dir/contact" />
151-->src/main/AndroidManifest.xml:137:17-74
151-->src/main/AndroidManifest.xml:137:23-72
152                <data android:mimeType="vnd.android.cursor.item/group" />
152-->src/main/AndroidManifest.xml:137:17-74
152-->src/main/AndroidManifest.xml:137:23-72
153            </intent-filter>
154            <intent-filter>
154-->src/main/AndroidManifest.xml:154:13-158:29
155                <action android:name="android.intent.action.EDIT" />
155-->src/main/AndroidManifest.xml:155:17-68
155-->src/main/AndroidManifest.xml:155:25-66
156
157                <category android:name="android.intent.category.DEFAULT" />
157-->src/main/AndroidManifest.xml:80:17-75
157-->src/main/AndroidManifest.xml:80:27-73
158
159                <data android:mimeType="vnd.android.cursor.item/group" />
159-->src/main/AndroidManifest.xml:137:17-74
159-->src/main/AndroidManifest.xml:137:23-72
160            </intent-filter>
161            <intent-filter>
161-->src/main/AndroidManifest.xml:160:13-164:29
162                <action android:name="android.intent.action.INSERT" />
162-->src/main/AndroidManifest.xml:161:17-70
162-->src/main/AndroidManifest.xml:161:25-68
163
164                <category android:name="android.intent.category.DEFAULT" />
164-->src/main/AndroidManifest.xml:80:17-75
164-->src/main/AndroidManifest.xml:80:27-73
165
166                <data android:mimeType="vnd.android.cursor.dir/group" />
166-->src/main/AndroidManifest.xml:137:17-74
166-->src/main/AndroidManifest.xml:137:23-72
167            </intent-filter>
168
169            <meta-data
169-->src/main/AndroidManifest.xml:166:13-169:19
170                android:name="android.app.searchable"
170-->src/main/AndroidManifest.xml:167:17-54
171                android:resource="@xml/searchable" />
171-->src/main/AndroidManifest.xml:168:17-51
172            <meta-data
172-->src/main/AndroidManifest.xml:171:13-174:19
173                android:name="android.app.shortcuts"
173-->src/main/AndroidManifest.xml:172:17-53
174                android:resource="@xml/shortcuts" />
174-->src/main/AndroidManifest.xml:173:17-50
175        </activity> <!-- Backwards compatibility: "Contacts" from Gingerbread and earlier -->
176        <activity-alias
176-->src/main/AndroidManifest.xml:243:9-247:15
177            android:name="com.android.contacts.DialtactsContactsEntryActivity"
177-->src/main/AndroidManifest.xml:244:13-58
178            android:exported="true"
178-->src/main/AndroidManifest.xml:245:13-36
179            android:targetActivity="com.android.contacts.activities.PeopleActivity" /> <!-- Backwards compatibility: "Contacts" from Honeycomb -->
179-->src/main/AndroidManifest.xml:246:13-64
180        <activity-alias
180-->src/main/AndroidManifest.xml:236:9-240:15
181            android:name="com.android.contacts.activities.ContactsFrontDoor"
181-->src/main/AndroidManifest.xml:237:13-57
182            android:exported="true"
182-->src/main/AndroidManifest.xml:238:13-36
183            android:targetActivity="com.android.contacts.activities.PeopleActivity" /> <!-- Backwards compatibility: somebody may have hard coded this activity name -->
183-->src/main/AndroidManifest.xml:239:13-64
184        <activity-alias
184-->src/main/AndroidManifest.xml:230:9-233:15
185            android:name="com.android.contacts.ContactsListActivity"
185-->src/main/AndroidManifest.xml:231:13-48
186            android:targetActivity="com.android.contacts.activities.PeopleActivity" />
186-->src/main/AndroidManifest.xml:232:13-64
187
188        <activity
188-->src/main/AndroidManifest.xml:178:9-227:20
189            android:name="com.android.contacts.activities.ContactSelectionActivity"
189-->src/main/AndroidManifest.xml:179:13-64
190            android:clearTaskOnLaunch="true"
190-->src/main/AndroidManifest.xml:180:13-45
191            android:launchMode="singleTop"
191-->src/main/AndroidManifest.xml:181:13-43
192            android:theme="@style/ContactPickerTheme"
192-->src/main/AndroidManifest.xml:182:13-54
193            android:uiOptions="splitActionBarWhenNarrow"
193-->src/main/AndroidManifest.xml:183:13-57
194            android:visibleToInstantApps="true"
194-->src/main/AndroidManifest.xml:185:13-48
195            android:windowSoftInputMode="adjustResize" >
195-->src/main/AndroidManifest.xml:184:13-55
196            <meta-data
196-->src/main/AndroidManifest.xml:186:13-187:40
197                android:name="android.app.shortcuts.new_config"
197-->src/main/AndroidManifest.xml:186:24-71
198                android:value="true" />
198-->src/main/AndroidManifest.xml:187:17-37
199
200            <intent-filter>
200-->src/main/AndroidManifest.xml:188:13-195:29
201                <action android:name="android.intent.action.INSERT_OR_EDIT" />
201-->src/main/AndroidManifest.xml:189:17-78
201-->src/main/AndroidManifest.xml:189:25-76
202
203                <category android:name="android.intent.category.DEFAULT" />
203-->src/main/AndroidManifest.xml:80:17-75
203-->src/main/AndroidManifest.xml:80:27-73
204
205                <data android:mimeType="vnd.android.cursor.item/person" />
205-->src/main/AndroidManifest.xml:137:17-74
205-->src/main/AndroidManifest.xml:137:23-72
206                <data android:mimeType="vnd.android.cursor.item/contact" />
206-->src/main/AndroidManifest.xml:137:17-74
206-->src/main/AndroidManifest.xml:137:23-72
207                <data android:mimeType="vnd.android.cursor.item/raw_contact" />
207-->src/main/AndroidManifest.xml:137:17-74
207-->src/main/AndroidManifest.xml:137:23-72
208            </intent-filter>
209            <intent-filter>
209-->src/main/AndroidManifest.xml:197:13-209:29
210                <action android:name="android.intent.action.PICK" />
210-->src/main/AndroidManifest.xml:198:17-68
210-->src/main/AndroidManifest.xml:198:25-66
211
212                <category android:name="android.intent.category.DEFAULT" />
212-->src/main/AndroidManifest.xml:80:17-75
212-->src/main/AndroidManifest.xml:80:27-73
213
214                <data android:mimeType="vnd.android.cursor.dir/contact" />
214-->src/main/AndroidManifest.xml:137:17-74
214-->src/main/AndroidManifest.xml:137:23-72
215                <data android:mimeType="vnd.android.cursor.dir/person" />
215-->src/main/AndroidManifest.xml:137:17-74
215-->src/main/AndroidManifest.xml:137:23-72
216                <data android:mimeType="vnd.android.cursor.dir/phone_v2" />
216-->src/main/AndroidManifest.xml:137:17-74
216-->src/main/AndroidManifest.xml:137:23-72
217                <data android:mimeType="vnd.android.cursor.dir/phone" />
217-->src/main/AndroidManifest.xml:137:17-74
217-->src/main/AndroidManifest.xml:137:23-72
218                <data android:mimeType="vnd.android.cursor.dir/postal-address_v2" />
218-->src/main/AndroidManifest.xml:137:17-74
218-->src/main/AndroidManifest.xml:137:23-72
219                <data android:mimeType="vnd.android.cursor.dir/postal-address" />
219-->src/main/AndroidManifest.xml:137:17-74
219-->src/main/AndroidManifest.xml:137:23-72
220                <data android:mimeType="vnd.android.cursor.dir/email_v2" />
220-->src/main/AndroidManifest.xml:137:17-74
220-->src/main/AndroidManifest.xml:137:23-72
221                <data android:mimeType="vnd.android.cursor.dir/group" />
221-->src/main/AndroidManifest.xml:137:17-74
221-->src/main/AndroidManifest.xml:137:23-72
222            </intent-filter>
223            <intent-filter>
223-->src/main/AndroidManifest.xml:211:13-221:29
224                <action android:name="android.intent.action.GET_CONTENT" />
224-->src/main/AndroidManifest.xml:212:17-75
224-->src/main/AndroidManifest.xml:212:25-73
225
226                <category android:name="android.intent.category.DEFAULT" />
226-->src/main/AndroidManifest.xml:80:17-75
226-->src/main/AndroidManifest.xml:80:27-73
227
228                <data android:mimeType="vnd.android.cursor.item/contact" />
228-->src/main/AndroidManifest.xml:137:17-74
228-->src/main/AndroidManifest.xml:137:23-72
229                <data android:mimeType="vnd.android.cursor.item/person" />
229-->src/main/AndroidManifest.xml:137:17-74
229-->src/main/AndroidManifest.xml:137:23-72
230                <data android:mimeType="vnd.android.cursor.item/phone_v2" />
230-->src/main/AndroidManifest.xml:137:17-74
230-->src/main/AndroidManifest.xml:137:23-72
231                <data android:mimeType="vnd.android.cursor.item/phone" />
231-->src/main/AndroidManifest.xml:137:17-74
231-->src/main/AndroidManifest.xml:137:23-72
232                <data android:mimeType="vnd.android.cursor.item/postal-address_v2" />
232-->src/main/AndroidManifest.xml:137:17-74
232-->src/main/AndroidManifest.xml:137:23-72
233                <data android:mimeType="vnd.android.cursor.item/postal-address" />
233-->src/main/AndroidManifest.xml:137:17-74
233-->src/main/AndroidManifest.xml:137:23-72
234            </intent-filter>
235            <intent-filter>
235-->src/main/AndroidManifest.xml:223:13-226:29
236                <action android:name="com.android.contacts.action.JOIN_CONTACT" />
236-->src/main/AndroidManifest.xml:224:17-82
236-->src/main/AndroidManifest.xml:224:25-80
237
238                <category android:name="android.intent.category.DEFAULT" />
238-->src/main/AndroidManifest.xml:80:17-75
238-->src/main/AndroidManifest.xml:80:27-73
239            </intent-filter>
240        </activity>
241
242        <activity-alias
242-->src/main/AndroidManifest.xml:367:9-378:26
243            android:name="alias.MessageShortcut"
243-->src/main/AndroidManifest.xml:368:13-49
244            android:icon="@drawable/logo_quick_contacts_mail_color_44in48dp"
244-->src/main/AndroidManifest.xml:369:13-77
245            android:label="@string/shortcutMessageContact"
245-->src/main/AndroidManifest.xml:370:13-59
246            android:targetActivity="com.android.contacts.activities.ContactSelectionActivity" >
246-->src/main/AndroidManifest.xml:371:13-74
247            <intent-filter>
247-->src/main/AndroidManifest.xml:345:13-348:29
248                <action android:name="android.intent.action.CREATE_SHORTCUT" />
248-->src/main/AndroidManifest.xml:346:17-79
248-->src/main/AndroidManifest.xml:346:25-77
249
250                <category android:name="android.intent.category.DEFAULT" />
250-->src/main/AndroidManifest.xml:80:17-75
250-->src/main/AndroidManifest.xml:80:27-73
251            </intent-filter>
252        </activity-alias>
253        <activity-alias
253-->src/main/AndroidManifest.xml:352:9-365:26
254            android:name="alias.DialShortcut"
254-->src/main/AndroidManifest.xml:353:13-46
255            android:icon="@drawable/logo_quick_contacts_dialer_color_44in48dp"
255-->src/main/AndroidManifest.xml:354:13-79
256            android:label="@string/shortcutDialContact"
256-->src/main/AndroidManifest.xml:355:13-56
257            android:targetActivity="com.android.contacts.activities.ContactSelectionActivity" >
257-->src/main/AndroidManifest.xml:356:13-74
258            <intent-filter>
258-->src/main/AndroidManifest.xml:358:13-363:29
259                <action android:name="android.intent.action.CREATE_SHORTCUT" />
259-->src/main/AndroidManifest.xml:346:17-79
259-->src/main/AndroidManifest.xml:346:25-77
260
261                <category android:name="android.intent.category.DEFAULT" />
261-->src/main/AndroidManifest.xml:80:17-75
261-->src/main/AndroidManifest.xml:80:27-73
262                <category android:name="android.intent.category.CAR_MODE" />
262-->src/main/AndroidManifest.xml:362:17-76
262-->src/main/AndroidManifest.xml:362:27-74
263            </intent-filter>
264        </activity-alias>
265        <activity-alias
265-->src/main/AndroidManifest.xml:339:9-350:26
266            android:name="com.android.contacts.ContactShortcut"
266-->src/main/AndroidManifest.xml:340:13-43
267            android:icon="@drawable/logo_quick_contacts_color_44in48dp"
267-->src/main/AndroidManifest.xml:341:13-72
268            android:label="@string/shortcutContact"
268-->src/main/AndroidManifest.xml:342:13-52
269            android:targetActivity="com.android.contacts.activities.ContactSelectionActivity" >
269-->src/main/AndroidManifest.xml:343:13-74
270            <intent-filter>
270-->src/main/AndroidManifest.xml:345:13-348:29
271                <action android:name="android.intent.action.CREATE_SHORTCUT" />
271-->src/main/AndroidManifest.xml:346:17-79
271-->src/main/AndroidManifest.xml:346:25-77
272
273                <category android:name="android.intent.category.DEFAULT" />
273-->src/main/AndroidManifest.xml:80:17-75
273-->src/main/AndroidManifest.xml:80:27-73
274            </intent-filter>
275        </activity-alias>
276
277        <!-- Used to set options -->
278        <activity
278-->src/main/AndroidManifest.xml:250:9-255:62
279            android:name="com.android.contacts.preference.ContactsPreferenceActivity"
279-->src/main/AndroidManifest.xml:251:13-66
280            android:exported="false"
280-->src/main/AndroidManifest.xml:252:13-37
281            android:label="@string/activity_title_settings"
281-->src/main/AndroidManifest.xml:253:13-60
282            android:launchMode="singleTop"
282-->src/main/AndroidManifest.xml:254:13-43
283            android:theme="@style/ContactsPreferencesTheme" />
283-->src/main/AndroidManifest.xml:255:13-60
284        <activity
284-->src/main/AndroidManifest.xml:257:9-261:62
285            android:name="com.android.contacts.activities.LicenseActivity"
285-->src/main/AndroidManifest.xml:258:13-55
286            android:exported="true"
286-->src/main/AndroidManifest.xml:259:13-36
287            android:label="@string/activity_title_licenses"
287-->src/main/AndroidManifest.xml:260:13-60
288            android:theme="@style/ContactsPreferencesTheme" />
288-->src/main/AndroidManifest.xml:261:13-60
289
290        <!-- Used to filter contacts list by account -->
291        <activity
291-->src/main/AndroidManifest.xml:264:9-267:60
292            android:name="com.android.contacts.list.AccountFilterActivity"
292-->src/main/AndroidManifest.xml:265:13-55
293            android:label="@string/activity_title_contacts_filter"
293-->src/main/AndroidManifest.xml:266:13-67
294            android:theme="@style/ContactListFilterTheme" />
294-->src/main/AndroidManifest.xml:267:13-58
295
296        <!-- Used to select display and sync groups -->
297        <activity
297-->src/main/AndroidManifest.xml:270:9-273:60
298            android:name="com.android.contacts.list.CustomContactListFilterActivity"
298-->src/main/AndroidManifest.xml:271:13-65
299            android:label="@string/custom_list_filter"
299-->src/main/AndroidManifest.xml:272:13-55
300            android:theme="@style/ContactListFilterTheme" />
300-->src/main/AndroidManifest.xml:273:13-58
301        <activity
301-->src/main/AndroidManifest.xml:275:9-278:49
302            android:name="com.android.contacts.activities.RequestPermissionsActivity"
302-->src/main/AndroidManifest.xml:276:13-66
303            android:exported="false"
303-->src/main/AndroidManifest.xml:277:13-37
304            android:theme="@style/PeopleTheme" />
304-->src/main/AndroidManifest.xml:278:13-47
305        <activity
305-->src/main/AndroidManifest.xml:280:9-283:49
306            android:name="com.android.contacts.activities.RequestImportVCardPermissionsActivity"
306-->src/main/AndroidManifest.xml:281:13-77
307            android:exported="false"
307-->src/main/AndroidManifest.xml:282:13-37
308            android:theme="@style/PeopleTheme" />
308-->src/main/AndroidManifest.xml:283:13-47
309        <activity
309-->src/main/AndroidManifest.xml:285:9-296:20
310            android:name="com.android.contacts.activities.ShowOrCreateActivity"
310-->src/main/AndroidManifest.xml:286:13-60
311            android:theme="@android:style/Theme.Material.Light.Dialog.NoActionBar" >
311-->src/main/AndroidManifest.xml:287:13-83